bin/outputs/logs/manifest-merger-debug-report.txt
-- Merging decision tree log ---
manifest
ADDED from nehah\linphone-android\AndroidManifest.xml:2:1-320:12
	package
		ADDED from nehah\linphone-android\AndroidManifest.xml:4:5-27
		INJECTED from nehah\linphone-android\AndroidManifest.xml
		INJECTED from nehah\linphone-android\AndroidManifest.xml
	android:versionName
		INJECTED from nehah\linphone-android\AndroidManifest.xml
		INJECTED from nehah\linphone-android\AndroidManifest.xml
	xmlns:tools
		ADDED from nehah\linphone-android\AndroidManifest.xml:3:5-51
	xmlns:android
		ADDED from nehah\linphone-android\AndroidManifest.xml:2:11-69
	android:installLocation
		ADDED from nehah\linphone-android\AndroidManifest.xml:5:5-35
uses-sdk
ADDED from nehah\linphone-android\AndroidManifest.xml:6:5-8:41
MERGED from [com.android.support:cardview-v7:25.3.0] AndroidManifest.xml:20:5-43
MERGED from [com.android.support:design:25.3.0] AndroidManifest.xml:21:5-23:62
MERGED from [com.android.support:transition:25.3.0] AndroidManifest.xml:20:5-44
MERGED from [com.android.support.constraint:constraint-layout:1.0.0] AndroidManifest.xml:5:5-7:41
MERGED from [com.dhruvvaishnav.sectionindexrecyclerviewlib:sectionindexrecyclerviewlib:1.0.2] AndroidManifest.xml:7:5-9:41
MERGED from [com.android.support:recyclerview-v7:25.3.0] AndroidManifest.xml:20:5-43
MERGED from [linphone-android:secure_sdk:unspecified] AndroidManifest.xml:8:5-10:41
MERGED from [com.android.support:appcompat-v7:25.3.0] AndroidManifest.xml:21:5-23:78
MERGED from [com.android.support:animated-vector-drawable:25.3.0] AndroidManifest.xml:20:5-44
MERGED from [com.android.support:support-vector-drawable:25.3.0] AndroidManifest.xml:20:5-43
MERGED from [com.android.volley:volley:1.0.0] AndroidManifest.xml:7:5-43
MERGED from [com.journeyapps:zxing-android-embedded:3.4.0] AndroidManifest.xml:19:5-43
MERGED from [com.android.support:support-v4:25.3.0] AndroidManifest.xml:21:5-23:54
MERGED from [com.android.support:support-fragment:25.3.0] AndroidManifest.xml:21:5-23:60
MERGED from [com.android.support:support-media-compat:25.3.0] AndroidManifest.xml:21:5-23:63
MERGED from [com.android.support:support-core-ui:25.3.0] AndroidManifest.xml:21:5-23:58
MERGED from [com.android.support:support-core-utils:25.3.0] AndroidManifest.xml:21:5-23:61
MERGED from [com.android.support:support-compat:25.3.0] AndroidManifest.xml:21:5-23:58
	tools:overrideLibrary
		ADDED from [com.android.support:design:25.3.0] AndroidManifest.xml:23:9-59
	android:targetSdkVersion
		ADDED from nehah\linphone-android\AndroidManifest.xml:8:9-38
		INJECTED from nehah\linphone-android\AndroidManifest.xml
		INJECTED from nehah\linphone-android\AndroidManifest.xml
	android:minSdkVersion
		ADDED from nehah\linphone-android\AndroidManifest.xml:7:9-35
		INJECTED from nehah\linphone-android\AndroidManifest.xml
		INJECTED from nehah\linphone-android\AndroidManifest.xml
uses-permission#android.permission.INTERNET
ADDED from nehah\linphone-android\AndroidManifest.xml:11:5-67
MERGED from [linphone-android:secure_sdk:unspecified] AndroidManifest.xml:12:5-67
	android:name
		ADDED from nehah\linphone-android\AndroidManifest.xml:11:22-64
uses-permission#android.permission.RECORD_AUDIO
ADDED from nehah\linphone-android\AndroidManifest.xml:12:5-71
	android:name
		ADDED from nehah\linphone-android\AndroidManifest.xml:12:22-68
uses-permission#android.permission.READ_CONTACTS
ADDED from nehah\linphone-android\AndroidManifest.xml:13:5-72
	android:name
		ADDED from nehah\linphone-android\AndroidManifest.xml:13:22-69
uses-permission#android.permission.MODIFY_AUDIO_SETTINGS
ADDED from nehah\linphone-android\AndroidManifest.xml:14:5-80
	android:name
		ADDED from nehah\linphone-android\AndroidManifest.xml:14:22-77
uses-permission#android.permission.ACCESS_NETWORK_STATE
ADDED from nehah\linphone-android\AndroidManifest.xml:15:5-79
MERGED from [linphone-android:secure_sdk:unspecified] AndroidManifest.xml:19:5-79
	android:name
		ADDED from nehah\linphone-android\AndroidManifest.xml:15:22-76
uses-permission#android.permission.WAKE_LOCK
ADDED from nehah\linphone-android\AndroidManifest.xml:16:5-68
MERGED from [linphone-android:secure_sdk:unspecified] AndroidManifest.xml:23:5-68
	android:name
		ADDED from nehah\linphone-android\AndroidManifest.xml:16:22-65
uses-permission#android.permission.PROCESS_OUTGOING_CALLS
ADDED from nehah\linphone-android\AndroidManifest.xml:17:5-81
	android:name
		ADDED from nehah\linphone-android\AndroidManifest.xml:17:22-78
uses-permission#android.permission.CALL_PHONE
ADDED from nehah\linphone-android\AndroidManifest.xml:18:5-69
	android:name
		ADDED from nehah\linphone-android\AndroidManifest.xml:18:22-66
uses-feature#android.hardware.telephony
ADDED from nehah\linphone-android\AndroidManifest.xml:20:5-22:36
	android:required
		ADDED from nehah\linphone-android\AndroidManifest.xml:22:9-33
	android:name
		ADDED from nehah\linphone-android\AndroidManifest.xml:21:9-50
uses-permission#android.permission.RECEIVE_BOOT_COMPLETED
ADDED from nehah\linphone-android\AndroidManifest.xml:24:5-81
	android:name
		ADDED from nehah\linphone-android\AndroidManifest.xml:24:22-78
uses-permission#android.permission.VIBRATE
ADDED from nehah\linphone-android\AndroidManifest.xml:25:5-66
	android:name
		ADDED from nehah\linphone-android\AndroidManifest.xml:25:22-63
uses-permission#android.permission.CAMERA
ADDED from nehah\linphone-android\AndroidManifest.xml:26:5-65
MERGED from [linphone-android:secure_sdk:unspecified] AndroidManifest.xml:14:5-65
MERGED from [com.journeyapps:zxing-android-embedded:3.4.0] AndroidManifest.xml:21:5-65
	android:name
		ADDED from nehah\linphone-android\AndroidManifest.xml:26:22-62
uses-feature#android.hardware.camera
ADDED from nehah\linphone-android\AndroidManifest.xml:28:5-30:36
MERGED from [linphone-android:secure_sdk:unspecified] AndroidManifest.xml:26:5-29:42
MERGED from [com.journeyapps:zxing-android-embedded:3.4.0] AndroidManifest.xml:24:5-26:36
	tools:ignore
		ADDED from [linphone-android:secure_sdk:unspecified] AndroidManifest.xml:29:9-39
	android:required
		ADDED from nehah\linphone-android\AndroidManifest.xml:30:9-33
	android:name
		ADDED from nehah\linphone-android\AndroidManifest.xml:29:9-47
uses-permission#android.permission.READ_PHONE_STATE
ADDED from nehah\linphone-android\AndroidManifest.xml:32:5-75
MERGED from [linphone-android:secure_sdk:unspecified] AndroidManifest.xml:22:5-75
	android:name
		ADDED from nehah\linphone-android\AndroidManifest.xml:32:22-72
uses-permission#android.permission.READ_EXTERNAL_STORAGE
ADDED from nehah\linphone-android\AndroidManifest.xml:33:5-80
MERGED from [linphone-android:secure_sdk:unspecified] AndroidManifest.xml:17:5-80
	android:name
		ADDED from nehah\linphone-android\AndroidManifest.xml:33:22-77
uses-permission#android.permission.WRITE_EXTERNAL_STORAGE
ADDED from nehah\linphone-android\AndroidManifest.xml:35:5-81
MERGED from [linphone-android:secure_sdk:unspecified] AndroidManifest.xml:16:5-81
	android:name
		ADDED from nehah\linphone-android\AndroidManifest.xml:35:22-78
uses-permission#android.permission.WRITE_CONTACTS
ADDED from nehah\linphone-android\AndroidManifest.xml:37:5-73
	android:name
		ADDED from nehah\linphone-android\AndroidManifest.xml:37:22-70
uses-permission#android.permission.BLUETOOTH
ADDED from nehah\linphone-android\AndroidManifest.xml:39:5-68
	android:name
		ADDED from nehah\linphone-android\AndroidManifest.xml:39:22-65
uses-permission#android.permission.BROADCAST_STICKY
ADDED from nehah\linphone-android\AndroidManifest.xml:40:5-75
	android:name
		ADDED from nehah\linphone-android\AndroidManifest.xml:40:22-72
uses-permission#android.permission.GET_ACCOUNTS
ADDED from nehah\linphone-android\AndroidManifest.xml:42:5-71
	android:name
		ADDED from nehah\linphone-android\AndroidManifest.xml:42:22-68
uses-permission#android.permission.ACCESS_WIFI_STATE
ADDED from nehah\linphone-android\AndroidManifest.xml:43:5-76
MERGED from [linphone-android:secure_sdk:unspecified] AndroidManifest.xml:20:5-76
	android:name
		ADDED from nehah\linphone-android\AndroidManifest.xml:43:22-73
uses-permission#android.permission.CHANGE_WIFI_MULTICAST_STATE
ADDED from nehah\linphone-android\AndroidManifest.xml:44:5-86
	android:name
		ADDED from nehah\linphone-android\AndroidManifest.xml:44:22-83
uses-permission#android.permission.READ_SYNC_SETTINGS
ADDED from nehah\linphone-android\AndroidManifest.xml:45:5-77
	android:name
		ADDED from nehah\linphone-android\AndroidManifest.xml:45:22-74
uses-permission#android.permission.WRITE_SYNC_SETTINGS
ADDED from nehah\linphone-android\AndroidManifest.xml:46:5-78
	android:name
		ADDED from nehah\linphone-android\AndroidManifest.xml:46:22-75
uses-permission#android.permission.AUTHENTICATE_ACCOUNTS
ADDED from nehah\linphone-android\AndroidManifest.xml:47:5-80
	android:name
		ADDED from nehah\linphone-android\AndroidManifest.xml:47:22-77
uses-permission#android.permission.KILL_BACKGROUND_PROCESSES
ADDED from nehah\linphone-android\AndroidManifest.xml:52:5-84
	android:name
		ADDED from nehah\linphone-android\AndroidManifest.xml:52:22-81
uses-permission#android.permission.SYSTEM_ALERT_WINDOW
ADDED from nehah\linphone-android\AndroidManifest.xml:53:5-78
	android:name
		ADDED from nehah\linphone-android\AndroidManifest.xml:53:22-75
supports-screens
ADDED from nehah\linphone-android\AndroidManifest.xml:55:5-60:40
	android:largeScreens
		ADDED from nehah\linphone-android\AndroidManifest.xml:57:9-36
	android:smallScreens
		ADDED from nehah\linphone-android\AndroidManifest.xml:59:9-36
	android:normalScreens
		ADDED from nehah\linphone-android\AndroidManifest.xml:58:9-37
	android:xlargeScreens
		ADDED from nehah\linphone-android\AndroidManifest.xml:60:9-37
	android:anyDensity
		ADDED from nehah\linphone-android\AndroidManifest.xml:56:9-34
application
ADDED from nehah\linphone-android\AndroidManifest.xml:62:5-318:19
REJECTED from [com.android.support:cardview-v7:25.3.0] AndroidManifest.xml:26:5-20
REJECTED from [com.android.support:design:25.3.0] AndroidManifest.xml:29:5-20
REJECTED from [com.android.support:transition:25.3.0] AndroidManifest.xml:26:5-20
REJECTED from [com.android.support.constraint:constraint-layout:1.0.0] AndroidManifest.xml:9:5-20
REJECTED from [com.dhruvvaishnav.sectionindexrecyclerviewlib:sectionindexrecyclerviewlib:1.0.2] AndroidManifest.xml:11:5-15:19
REJECTED from [linphone-android:secure_sdk:unspecified] AndroidManifest.xml:35:5-49:19
REJECTED from [com.android.support:appcompat-v7:25.3.0] AndroidManifest.xml:29:5-20
REJECTED from [com.android.support:animated-vector-drawable:25.3.0] AndroidManifest.xml:26:5-20
REJECTED from [com.android.support:support-vector-drawable:25.3.0] AndroidManifest.xml:26:5-20
REJECTED from [com.android.volley:volley:1.0.0] AndroidManifest.xml:9:5-20
REJECTED from [com.journeyapps:zxing-android-embedded:3.4.0] AndroidManifest.xml:45:5-53:19
REJECTED from [com.android.support:support-v4:25.3.0] AndroidManifest.xml:29:5-20
REJECTED from [com.android.support:support-fragment:25.3.0] AndroidManifest.xml:29:5-20
REJECTED from [com.android.support:support-media-compat:25.3.0] AndroidManifest.xml:29:5-20
REJECTED from [com.android.support:support-core-ui:25.3.0] AndroidManifest.xml:29:5-20
REJECTED from [com.android.support:support-core-utils:25.3.0] AndroidManifest.xml:29:5-20
REJECTED from [com.android.support:support-compat:25.3.0] AndroidManifest.xml:29:5-20
	tools:node
		ADDED from nehah\linphone-android\AndroidManifest.xml:69:9-29
	android:label
		ADDED from nehah\linphone-android\AndroidManifest.xml:65:9-41
	android:allowBackup
		ADDED from nehah\linphone-android\AndroidManifest.xml:64:9-35
	android:icon
		ADDED from nehah\linphone-android\AndroidManifest.xml:66:9-48
	android:largeHeap
		ADDED from nehah\linphone-android\AndroidManifest.xml:67:9-33
	android:theme
		ADDED from nehah\linphone-android\AndroidManifest.xml:68:9-65
	android:name
		ADDED from nehah\linphone-android\AndroidManifest.xml:63:9-49
activity#org.linphone.auth.HomeActivity
ADDED from nehah\linphone-android\AndroidManifest.xml:71:9-83:20
	android:screenOrientation
		ADDED from nehah\linphone-android\AndroidManifest.xml:73:13-49
	android:name
		ADDED from nehah\linphone-android\AndroidManifest.xml:72:13-46
intent-filter#android.intent.action.CHOOSER+android.intent.action.MAIN+android.intent.action.SEND+android.intent.category.DEFAULT+android.intent.category.LAUNCHER
ADDED from nehah\linphone-android\AndroidManifest.xml:74:13-82:29
action#android.intent.action.MAIN
ADDED from nehah\linphone-android\AndroidManifest.xml:75:17-69
	android:name
		ADDED from nehah\linphone-android\AndroidManifest.xml:75:25-66
category#android.intent.category.LAUNCHER
ADDED from nehah\linphone-android\AndroidManifest.xml:76:17-77
	android:name
		ADDED from nehah\linphone-android\AndroidManifest.xml:76:27-74
action#android.intent.action.SEND
ADDED from nehah\linphone-android\AndroidManifest.xml:77:17-68
	android:name
		ADDED from nehah\linphone-android\AndroidManifest.xml:77:25-66
action#android.intent.action.CHOOSER
ADDED from nehah\linphone-android\AndroidManifest.xml:78:17-71
	android:name
		ADDED from nehah\linphone-android\AndroidManifest.xml:78:25-69
category#android.intent.category.DEFAULT
ADDED from nehah\linphone-android\AndroidManifest.xml:79:17-85
	android:name
		ADDED from nehah\linphone-android\AndroidManifest.xml:79:27-73
activity#org.linphone.wallet.SelectWallet
ADDED from nehah\linphone-android\AndroidManifest.xml:85:9-88:72
	android:screenOrientation
		ADDED from nehah\linphone-android\AndroidManifest.xml:87:13-49
	android:theme
		ADDED from nehah\linphone-android\AndroidManifest.xml:88:13-69
	android:name
		ADDED from nehah\linphone-android\AndroidManifest.xml:86:13-48
activity#org.linphone.wallet.WalletInformation
ADDED from nehah\linphone-android\AndroidManifest.xml:89:9-98:20
	android:screenOrientation
		ADDED from nehah\linphone-android\AndroidManifest.xml:91:13-49
	android:name
		ADDED from nehah\linphone-android\AndroidManifest.xml:90:13-53
intent-filter#android.intent.action.CHOOSER+android.intent.action.SEND+android.intent.category.DEFAULT+org.linphone.wallet.WalletInformation
ADDED from nehah\linphone-android\AndroidManifest.xml:92:9-97:25
action#org.linphone.wallet.WalletInformation
ADDED from nehah\linphone-android\AndroidManifest.xml:93:13-76
	android:name
		ADDED from nehah\linphone-android\AndroidManifest.xml:93:21-73
activity#org.linphone.wallet.TxtLargeQRCodeActivity
ADDED from nehah\linphone-android\AndroidManifest.xml:99:9-101:52
	android:screenOrientation
		ADDED from nehah\linphone-android\AndroidManifest.xml:101:13-49
	android:name
		ADDED from nehah\linphone-android\AndroidManifest.xml:100:13-58
activity#org.linphone.appControl.AuthActivity
ADDED from nehah\linphone-android\AndroidManifest.xml:102:9-104:52
	android:screenOrientation
		ADDED from nehah\linphone-android\AndroidManifest.xml:104:13-49
	android:name
		ADDED from nehah\linphone-android\AndroidManifest.xml:103:13-52
activity#org.linphone.xmlrpc.CallingStatus
ADDED from nehah\linphone-android\AndroidManifest.xml:107:9-111:20
	android:screenOrientation
		ADDED from nehah\linphone-android\AndroidManifest.xml:109:13-49
	android:name
		ADDED from nehah\linphone-android\AndroidManifest.xml:108:13-49
activity#org.linphone.ContactViewActivity
ADDED from nehah\linphone-android\AndroidManifest.xml:112:9-120:20
	android:screenOrientation
		ADDED from nehah\linphone-android\AndroidManifest.xml:115:13-49
	android:launchMode
		ADDED from nehah\linphone-android\AndroidManifest.xml:114:13-43
	android:name
		ADDED from nehah\linphone-android\AndroidManifest.xml:113:13-60
intent-filter#android.intent.category.DEFAULT+org.linphone.ContactViewActivity
ADDED from nehah\linphone-android\AndroidManifest.xml:116:13-119:29
action#org.linphone.ContactViewActivity
ADDED from nehah\linphone-android\AndroidManifest.xml:117:17-75
	android:name
		ADDED from nehah\linphone-android\AndroidManifest.xml:117:25-72
activity#org.linphone.LinphoneLauncherActivity
ADDED from nehah\linphone-android\AndroidManifest.xml:121:9-157:20
	android:screenOrientation
		ADDED from nehah\linphone-android\AndroidManifest.xml:125:13-49
	android:label
		ADDED from nehah\linphone-android\AndroidManifest.xml:124:13-45
	android:exported
		ADDED from nehah\linphone-android\AndroidManifest.xml:123:13-36
	android:windowSoftInputMode
		ADDED from nehah\linphone-android\AndroidManifest.xml:127:13-64
	android:theme
		ADDED from nehah\linphone-android\AndroidManifest.xml:126:13-43
	android:name
		ADDED from nehah\linphone-android\AndroidManifest.xml:122:13-53
intent-filter#android.intent.action.CALL+android.intent.action.CALL_PRIVILEGED+android.intent.category.DEFAULT
ADDED from nehah\linphone-android\AndroidManifest.xml:128:13-136:29
action#android.intent.action.CALL
ADDED from nehah\linphone-android\AndroidManifest.xml:129:17-69
	android:name
		ADDED from nehah\linphone-android\AndroidManifest.xml:129:25-66
action#android.intent.action.CALL_PRIVILEGED
ADDED from nehah\linphone-android\AndroidManifest.xml:130:17-80
	android:name
		ADDED from nehah\linphone-android\AndroidManifest.xml:130:25-77
data
ADDED from nehah\linphone-android\AndroidManifest.xml:134:17-46
	android:scheme
		ADDED from nehah\linphone-android\AndroidManifest.xml:134:23-43
intent-filter#android.intent.action.SENDTO+android.intent.category.DEFAULT
ADDED from nehah\linphone-android\AndroidManifest.xml:137:13-144:29
action#android.intent.action.SENDTO
ADDED from nehah\linphone-android\AndroidManifest.xml:138:17-71
	android:name
		ADDED from nehah\linphone-android\AndroidManifest.xml:138:25-68
intent-filter#android.intent.action.VIEW+android.intent.category.BROWSABLE+android.intent.category.DEFAULT
ADDED from nehah\linphone-android\AndroidManifest.xml:145:13-151:29
action#android.intent.action.VIEW
ADDED from nehah\linphone-android\AndroidManifest.xml:147:17-69
	android:name
		ADDED from nehah\linphone-android\AndroidManifest.xml:147:25-66
category#android.intent.category.BROWSABLE
ADDED from nehah\linphone-android\AndroidManifest.xml:149:17-78
	android:name
		ADDED from nehah\linphone-android\AndroidManifest.xml:149:27-75
intent-filter#android.intent.action.SEND+android.intent.category.DEFAULT
ADDED from nehah\linphone-android\AndroidManifest.xml:152:13-156:29
activity#org.linphone.SettingActivity
ADDED from nehah\linphone-android\AndroidManifest.xml:158:9-160:52
	android:screenOrientation
		ADDED from nehah\linphone-android\AndroidManifest.xml:160:13-49
	android:name
		ADDED from nehah\linphone-android\AndroidManifest.xml:159:13-44
activity#org.linphone.CallIncomingActivity
ADDED from nehah\linphone-android\AndroidManifest.xml:161:9-170:20
	android:screenOrientation
		ADDED from nehah\linphone-android\AndroidManifest.xml:165:13-49
	android:launchMode
		ADDED from nehah\linphone-android\AndroidManifest.xml:164:13-43
	android:configChanges
		ADDED from nehah\linphone-android\AndroidManifest.xml:163:13-48
	android:theme
		ADDED from nehah\linphone-android\AndroidManifest.xml:166:13-43
	android:name
		ADDED from nehah\linphone-android\AndroidManifest.xml:162:13-49
intent-filter#android.intent.action.MAIN
ADDED from nehah\linphone-android\AndroidManifest.xml:167:13-169:29
activity#org.linphone.CallOutgoingActivity
ADDED from nehah\linphone-android\AndroidManifest.xml:171:9-180:20
	android:screenOrientation
		ADDED from nehah\linphone-android\AndroidManifest.xml:175:13-49
	android:launchMode
		ADDED from nehah\linphone-android\AndroidManifest.xml:174:13-43
	android:configChanges
		ADDED from nehah\linphone-android\AndroidManifest.xml:173:13-48
	android:theme
		ADDED from nehah\linphone-android\AndroidManifest.xml:176:13-43
	android:name
		ADDED from nehah\linphone-android\AndroidManifest.xml:172:13-49
activity#org.linphone.CallActivity
ADDED from nehah\linphone-android\AndroidManifest.xml:181:9-190:20
	android:screenOrientation
		ADDED from nehah\linphone-android\AndroidManifest.xml:185:13-49
	android:launchMode
		ADDED from nehah\linphone-android\AndroidManifest.xml:184:13-43
	android:configChanges
		ADDED from nehah\linphone-android\AndroidManifest.xml:183:13-74
	android:theme
		ADDED from nehah\linphone-android\AndroidManifest.xml:186:13-46
	android:name
		ADDED from nehah\linphone-android\AndroidManifest.xml:182:13-41
activity#org.linphone.assistant.AssistantActivity
ADDED from nehah\linphone-android\AndroidManifest.xml:191:9-199:20
	android:screenOrientation
		ADDED from nehah\linphone-android\AndroidManifest.xml:194:13-49
	android:configChanges
		ADDED from nehah\linphone-android\AndroidManifest.xml:193:13-48
	android:theme
		ADDED from nehah\linphone-android\AndroidManifest.xml:195:13-43
	android:name
		ADDED from nehah\linphone-android\AndroidManifest.xml:192:13-56
activity#org.linphone.ScanLargeQRCodeActivity
ADDED from nehah\linphone-android\AndroidManifest.xml:200:9-206:20
	android:screenOrientation
		ADDED from nehah\linphone-android\AndroidManifest.xml:203:13-49
	android:configChanges
		ADDED from nehah\linphone-android\AndroidManifest.xml:202:13-48
	android:theme
		ADDED from nehah\linphone-android\AndroidManifest.xml:204:13-43
	android:name
		ADDED from nehah\linphone-android\AndroidManifest.xml:201:13-52
activity#org.linphone.purchase.InAppPurchaseActivity
ADDED from nehah\linphone-android\AndroidManifest.xml:207:9-215:20
	android:screenOrientation
		ADDED from nehah\linphone-android\AndroidManifest.xml:210:13-49
	android:configChanges
		ADDED from nehah\linphone-android\AndroidManifest.xml:209:13-48
	android:theme
		ADDED from nehah\linphone-android\AndroidManifest.xml:211:13-43
	android:name
		ADDED from nehah\linphone-android\AndroidManifest.xml:208:13-59
activity#org.linphone.ContactSearchActivity
ADDED from nehah\linphone-android\AndroidManifest.xml:216:9-221:20
	android:screenOrientation
		ADDED from nehah\linphone-android\AndroidManifest.xml:219:13-49
	android:configChanges
		ADDED from nehah\linphone-android\AndroidManifest.xml:218:13-48
	android:name
		ADDED from nehah\linphone-android\AndroidManifest.xml:217:13-50
activity#org.linphone.assistant.RemoteProvisioningLoginActivity
ADDED from nehah\linphone-android\AndroidManifest.xml:223:9-230:20
	android:screenOrientation
		ADDED from nehah\linphone-android\AndroidManifest.xml:225:13-49
	android:theme
		ADDED from nehah\linphone-android\AndroidManifest.xml:226:13-43
	android:name
		ADDED from nehah\linphone-android\AndroidManifest.xml:224:13-70
service#org.linphone.LinphoneService
ADDED from nehah\linphone-android\AndroidManifest.xml:233:9-235:44
	android:stopWithTask
		ADDED from nehah\linphone-android\AndroidManifest.xml:235:13-41
	android:name
		ADDED from nehah\linphone-android\AndroidManifest.xml:234:13-44
service#org.linphone.sync.SyncService
ADDED from nehah\linphone-android\AndroidManifest.xml:236:9-249:19
	android:exported
		ADDED from nehah\linphone-android\AndroidManifest.xml:238:13-36
	android:name
		ADDED from nehah\linphone-android\AndroidManifest.xml:237:13-45
intent-filter#android.content.SyncAdapter
ADDED from nehah\linphone-android\AndroidManifest.xml:239:13-241:29
action#android.content.SyncAdapter
ADDED from nehah\linphone-android\AndroidManifest.xml:240:17-70
	android:name
		ADDED from nehah\linphone-android\AndroidManifest.xml:240:25-67
meta-data#android.content.SyncAdapter
ADDED from nehah\linphone-android\AndroidManifest.xml:243:13-245:55
	android:resource
		ADDED from nehah\linphone-android\AndroidManifest.xml:245:17-52
	android:name
		ADDED from nehah\linphone-android\AndroidManifest.xml:244:17-59
meta-data#android.provider.CONTACTS_STRUCTURE
ADDED from nehah\linphone-android\AndroidManifest.xml:246:13-248:52
	android:resource
		ADDED from nehah\linphone-android\AndroidManifest.xml:248:17-49
	android:name
		ADDED from nehah\linphone-android\AndroidManifest.xml:247:17-67
receiver#org.linphone.NetworkManager
ADDED from nehah\linphone-android\AndroidManifest.xml:252:9-256:20
	android:name
		ADDED from nehah\linphone-android\AndroidManifest.xml:252:19-49
intent-filter#android.net.conn.CONNECTIVITY_CHANGE
ADDED from nehah\linphone-android\AndroidManifest.xml:253:13-255:29
action#android.net.conn.CONNECTIVITY_CHANGE
ADDED from nehah\linphone-android\AndroidManifest.xml:254:17-79
	android:name
		ADDED from nehah\linphone-android\AndroidManifest.xml:254:25-76
receiver#org.linphone.BluetoothManager
ADDED from nehah\linphone-android\AndroidManifest.xml:257:9-259:48
	android:enabled
		ADDED from nehah\linphone-android\AndroidManifest.xml:259:13-36
	android:name
		ADDED from nehah\linphone-android\AndroidManifest.xml:258:13-45
receiver#org.linphone.BootReceiver
ADDED from nehah\linphone-android\AndroidManifest.xml:260:9-267:20
	android:name
		ADDED from nehah\linphone-android\AndroidManifest.xml:260:19-47
intent-filter#android.intent.action.BOOT_COMPLETED
ADDED from nehah\linphone-android\AndroidManifest.xml:261:13-263:29
action#android.intent.action.BOOT_COMPLETED
ADDED from nehah\linphone-android\AndroidManifest.xml:262:17-79
	android:name
		ADDED from nehah\linphone-android\AndroidManifest.xml:262:25-76
intent-filter#android.intent.action.ACTION_SHUTDOWN
ADDED from nehah\linphone-android\AndroidManifest.xml:264:13-266:29
action#android.intent.action.ACTION_SHUTDOWN
ADDED from nehah\linphone-android\AndroidManifest.xml:265:17-80
	android:name
		ADDED from nehah\linphone-android\AndroidManifest.xml:265:25-77
receiver#org.linphone.PhoneStateChangedReceiver
ADDED from nehah\linphone-android\AndroidManifest.xml:268:9-272:20
	android:name
		ADDED from nehah\linphone-android\AndroidManifest.xml:268:19-60
intent-filter#android.intent.action.PHONE_STATE
ADDED from nehah\linphone-android\AndroidManifest.xml:269:13-271:29
	android:priority
		ADDED from nehah\linphone-android\AndroidManifest.xml:269:28-50
action#android.intent.action.PHONE_STATE
ADDED from nehah\linphone-android\AndroidManifest.xml:270:17-76
	android:name
		ADDED from nehah\linphone-android\AndroidManifest.xml:270:25-73
receiver#org.linphone.KeepAliveReceiver
ADDED from nehah\linphone-android\AndroidManifest.xml:275:9-55
	android:name
		ADDED from nehah\linphone-android\AndroidManifest.xml:275:19-52
receiver#org.linphone.HookReceiver
ADDED from nehah\linphone-android\AndroidManifest.xml:277:9-281:20
	android:name
		ADDED from nehah\linphone-android\AndroidManifest.xml:277:19-47
intent-filter#com.base.module.phone.HOOKEVENT
ADDED from nehah\linphone-android\AndroidManifest.xml:278:13-280:29
action#com.base.module.phone.HOOKEVENT
ADDED from nehah\linphone-android\AndroidManifest.xml:279:17-74
	android:name
		ADDED from nehah\linphone-android\AndroidManifest.xml:279:25-71
receiver#org.linphone.AccountEnableReceiver
ADDED from nehah\linphone-android\AndroidManifest.xml:283:9-289:20
	android:permission
		ADDED from nehah\linphone-android\AndroidManifest.xml:285:13-66
	android:name
		ADDED from nehah\linphone-android\AndroidManifest.xml:284:13-50
intent-filter#org.linphone.intent.ACCOUNTACTIVATE
ADDED from nehah\linphone-android\AndroidManifest.xml:286:13-288:29
action#org.linphone.intent.ACCOUNTACTIVATE
ADDED from nehah\linphone-android\AndroidManifest.xml:287:17-78
	android:name
		ADDED from nehah\linphone-android\AndroidManifest.xml:287:25-75
activity#org.linphone.LinphoneActivity
ADDED from nehah\linphone-android\AndroidManifest.xml:291:9-299:20
	android:screenOrientation
		ADDED from nehah\linphone-android\AndroidManifest.xml:294:13-49
	android:configChanges
		ADDED from nehah\linphone-android\AndroidManifest.xml:293:13-74
	android:theme
		ADDED from nehah\linphone-android\AndroidManifest.xml:295:13-43
	android:name
		ADDED from nehah\linphone-android\AndroidManifest.xml:292:13-45
activity#org.linphone.LinphoneGenericActivity
ADDED from nehah\linphone-android\AndroidManifest.xml:304:9-309:20
	android:screenOrientation
		ADDED from nehah\linphone-android\AndroidManifest.xml:307:13-49
	android:configChanges
		ADDED from nehah\linphone-android\AndroidManifest.xml:306:13-48
	android:name
		ADDED from nehah\linphone-android\AndroidManifest.xml:305:13-52
activity#org.linphone.ContactEditorFragment
ADDED from nehah\linphone-android\AndroidManifest.xml:310:9-312:72
	android:theme
		ADDED from nehah\linphone-android\AndroidManifest.xml:312:13-69
	android:name
		ADDED from nehah\linphone-android\AndroidManifest.xml:311:13-50
activity#qrcode.ScanQRCode
ADDED from nehah\linphone-android\AndroidManifest.xml:313:9-317:52
	android:screenOrientation
		ADDED from nehah\linphone-android\AndroidManifest.xml:317:13-49
	android:label
		ADDED from nehah\linphone-android\AndroidManifest.xml:315:13-47
	android:launchMode
		ADDED from nehah\linphone-android\AndroidManifest.xml:316:13-48
	android:name
		ADDED from nehah\linphone-android\AndroidManifest.xml:314:13-45
meta-data#android.support.VERSION
ADDED from [com.android.support:cardview-v7:25.3.0] AndroidManifest.xml:22:5-24:34
MERGED from [com.android.support:design:25.3.0] AndroidManifest.xml:25:5-27:34
MERGED from [com.android.support:transition:25.3.0] AndroidManifest.xml:22:5-24:34
MERGED from [com.android.support:recyclerview-v7:25.3.0] AndroidManifest.xml:22:5-24:34
MERGED from [com.android.support:appcompat-v7:25.3.0] AndroidManifest.xml:25:5-27:34
MERGED from [com.android.support:animated-vector-drawable:25.3.0] AndroidManifest.xml:22:5-24:34
MERGED from [com.android.support:support-vector-drawable:25.3.0] AndroidManifest.xml:22:5-24:34
MERGED from [com.android.support:support-v4:25.3.0] AndroidManifest.xml:25:5-27:34
MERGED from [com.android.support:support-fragment:25.3.0] AndroidManifest.xml:25:5-27:34
MERGED from [com.android.support:support-media-compat:25.3.0] AndroidManifest.xml:25:5-27:34
MERGED from [com.android.support:support-core-ui:25.3.0] AndroidManifest.xml:25:5-27:34
MERGED from [com.android.support:support-core-utils:25.3.0] AndroidManifest.xml:25:5-27:34
MERGED from [com.android.support:support-compat:25.3.0] AndroidManifest.xml:25:5-27:34
	android:value
		ADDED from [com.android.support:cardview-v7:25.3.0] AndroidManifest.xml:24:9-31
	android:name